Enable just-in-time compilation with XLA.

Compiling model...
'compile' took 0.003458 s

Training model...

Warning: Rectangle boundary_normal called on vertices. You may use PDE(..., exclusions=...) to exclude the vertices.
Warning: Rectangle boundary_normal called on vertices. You may use PDE(..., exclusions=...) to exclude the vertices.
Warning: Rectangle boundary_normal called on vertices. You may use PDE(..., exclusions=...) to exclude the vertices.
Step      Train loss                                                      Test loss                                                       Test metric
0         [3.34e+00, 1.66e-01, 5.93e-01, 4.55e-01, 7.88e-01, 1.20e+00]    [3.34e+00, 1.66e-01, 5.93e-01, 4.55e-01, 7.88e-01, 1.20e+00]    []  
1000      [9.42e-03, 2.25e-04, 9.45e-02, 4.74e-02, 1.95e-02, 4.61e-02]    [9.42e-03, 2.25e-04, 9.45e-02, 4.74e-02, 1.95e-02, 4.61e-02]    []  
2000      [1.13e-02, 1.39e-04, 4.01e-02, 8.92e-03, 1.58e-03, 2.68e-02]    [1.13e-02, 1.39e-04, 4.01e-02, 8.92e-03, 1.58e-03, 2.68e-02]    []  
3000      [1.09e-02, 5.10e-05, 1.87e-02, 2.24e-03, 6.60e-04, 1.02e-02]    [1.09e-02, 5.10e-05, 1.87e-02, 2.24e-03, 6.60e-04, 1.02e-02]    []  
4000      [2.69e-02, 6.11e-05, 1.29e-02, 1.35e-03, 3.43e-04, 7.94e-03]    [2.69e-02, 6.11e-05, 1.29e-02, 1.35e-03, 3.43e-04, 7.94e-03]    []  
5000      [2.66e-03, 6.25e-06, 9.97e-03, 5.00e-04, 2.15e-04, 5.11e-03]    [2.66e-03, 6.25e-06, 9.97e-03, 5.00e-04, 2.15e-04, 5.11e-03]    []  
6000      [2.73e-03, 4.07e-06, 8.31e-03, 1.30e-03, 1.44e-04, 5.54e-03]    [2.73e-03, 4.07e-06, 8.31e-03, 1.30e-03, 1.44e-04, 5.54e-03]    []  
7000      [4.43e-03, 5.13e-06, 7.29e-03, 4.49e-04, 9.15e-05, 4.72e-03]    [4.43e-03, 5.13e-06, 7.29e-03, 4.49e-04, 9.15e-05, 4.72e-03]    []  
8000      [2.32e-03, 2.84e-06, 7.43e-03, 2.34e-04, 5.99e-05, 3.27e-03]    [2.32e-03, 2.84e-06, 7.43e-03, 2.34e-04, 5.99e-05, 3.27e-03]    []  
9000      [1.68e-03, 5.70e-06, 9.59e-03, 9.57e-04, 2.15e-04, 3.75e-03]    [1.68e-03, 5.70e-06, 9.59e-03, 9.57e-04, 2.15e-04, 3.75e-03]    []  
10000     [3.57e-03, 1.90e-06, 8.40e-03, 5.76e-04, 1.16e-04, 2.71e-03]    [3.57e-03, 1.90e-06, 8.40e-03, 5.76e-04, 1.16e-04, 2.71e-03]    []  

Best model at step 8000:
  train loss: 1.33e-02
  test loss: 1.33e-02
  test metric: []

'train' took 32.987371 s

Mean residual: 5.293e-03
Adding new point: [0.9826776  0.95206326 0.14716844] 

Compiling model...
'compile' took 0.045037 s

Training model...

Warning: Rectangle boundary_normal called on vertices. You may use PDE(..., exclusions=...) to exclude the vertices.
Warning: Rectangle boundary_normal called on vertices. You may use PDE(..., exclusions=...) to exclude the vertices.
Step      Train loss                                                      Test loss                                                       Test metric
10000     [4.87e-03, 1.90e-06, 8.40e-03, 5.76e-04, 1.16e-04, 2.71e-03]    [3.57e-03, 1.90e-06, 8.40e-03, 5.76e-04, 1.16e-04, 2.71e-03]    []  
10100     [7.44e-03, 1.63e-04, 1.12e-01, 5.91e-02, 1.74e-02, 2.61e-02]    [7.40e-03, 1.63e-04, 1.12e-01, 5.91e-02, 1.74e-02, 2.61e-02]    []  

Best model at step 10000:
  train loss: 1.67e-02
  test loss: 1.54e-02
  test metric: []

'train' took 3.999102 s

Compiling model...
'compile' took 0.034342 s

Training model...

Warning: Rectangle boundary_normal called on vertices. You may use PDE(..., exclusions=...) to exclude the vertices.
Warning: Rectangle boundary_normal called on vertices. You may use PDE(..., exclusions=...) to exclude the vertices.
Step      Train loss                                                      Test loss                                                       Test metric
10100     [7.44e-04, 1.63e-04, 1.12e-01, 5.91e-02, 1.74e-02, 2.61e-03]    [7.40e-04, 1.63e-04, 1.12e-01, 5.91e-02, 1.74e-02, 2.61e-03]    []  
10954     [2.06e-04, 3.40e-07, 1.47e-04, 4.33e-05, 1.28e-05, 2.10e-04]    [2.06e-04, 3.40e-07, 1.47e-04, 4.33e-05, 1.28e-05, 2.10e-04]    []  

Best model at step 10954:
  train loss: 6.21e-04
  test loss: 6.21e-04
  test metric: []

'train' took 161.221842 s

Saving loss history to /bsuhome/aidanscudder/PINNResearch/problems/loss.dat ...
Saving training data to /bsuhome/aidanscudder/PINNResearch/problems/train.dat ...
Saving test data to /bsuhome/aidanscudder/PINNResearch/problems/test.dat ...
Enable just-in-time compilation with XLA.

Compiling model...
'compile' took 0.003801 s

Training model...

Warning: Rectangle boundary_normal called on vertices. You may use PDE(..., exclusions=...) to exclude the vertices.
Warning: Rectangle boundary_normal called on vertices. You may use PDE(..., exclusions=...) to exclude the vertices.
Warning: Rectangle boundary_normal called on vertices. You may use PDE(..., exclusions=...) to exclude the vertices.
Step      Train loss                                                      Test loss                                                       Test metric
0         [1.41e+02, 1.20e-02, 8.27e-01, 1.16e-02, 2.18e-02, 1.66e-01]    [1.41e+02, 1.20e-02, 8.27e-01, 1.16e-02, 2.18e-02, 1.66e-01]    []  
1000      [1.94e-02, 5.88e-03, 1.97e-01, 2.43e-03, 2.68e-04, 1.44e-02]    [1.94e-02, 5.88e-03, 1.97e-01, 2.43e-03, 2.68e-04, 1.44e-02]    []  
2000      [4.07e-03, 3.65e-03, 1.84e-01, 1.49e-03, 1.17e-04, 9.06e-03]    [4.07e-03, 3.65e-03, 1.84e-01, 1.49e-03, 1.17e-04, 9.06e-03]    []  
3000      [1.86e-02, 8.08e-04, 1.36e-01, 1.19e-04, 3.12e-04, 5.03e-03]    [1.86e-02, 8.08e-04, 1.36e-01, 1.19e-04, 3.12e-04, 5.03e-03]    []  
4000      [9.30e-03, 3.36e-04, 7.17e-02, 5.15e-05, 1.75e-04, 3.13e-03]    [9.30e-03, 3.36e-04, 7.17e-02, 5.15e-05, 1.75e-04, 3.13e-03]    []  
5000      [8.18e-03, 1.52e-04, 5.13e-02, 6.05e-05, 1.62e-04, 1.82e-03]    [8.18e-03, 1.52e-04, 5.13e-02, 6.05e-05, 1.62e-04, 1.82e-03]    []  
6000      [5.21e-03, 3.25e-05, 4.03e-02, 5.09e-05, 5.60e-05, 1.68e-03]    [5.21e-03, 3.25e-05, 4.03e-02, 5.09e-05, 5.60e-05, 1.68e-03]    []  
7000      [1.21e-02, 2.57e-05, 4.69e-01, 1.07e-03, 1.63e-03, 6.15e-02]    [1.21e-02, 2.57e-05, 4.69e-01, 1.07e-03, 1.63e-03, 6.15e-02]    []  
8000      [1.17e-02, 1.27e-04, 1.74e-01, 4.42e-03, 7.26e-03, 1.89e-02]    [1.17e-02, 1.27e-04, 1.74e-01, 4.42e-03, 7.26e-03, 1.89e-02]    []  
9000      [4.53e-03, 1.81e-04, 1.38e-01, 4.51e-03, 6.37e-03, 9.06e-03]    [4.53e-03, 1.81e-04, 1.38e-01, 4.51e-03, 6.37e-03, 9.06e-03]    []  
10000     [2.86e-03, 1.65e-04, 1.22e-01, 2.33e-03, 3.47e-03, 6.21e-03]    [2.86e-03, 1.65e-04, 1.22e-01, 2.33e-03, 3.47e-03, 6.21e-03]    []  

Best model at step 6000:
  train loss: 4.73e-02
  test loss: 4.73e-02
  test metric: []

'train' took 33.093217 s

Mean residual: 1.083e-02
Adding new point: [0.01807942 0.34248456 0.07964922] 

Compiling model...
'compile' took 0.039293 s

Training model...

Warning: Rectangle boundary_normal called on vertices. You may use PDE(..., exclusions=...) to exclude the vertices.
Warning: Rectangle boundary_normal called on vertices. You may use PDE(..., exclusions=...) to exclude the vertices.
Step      Train loss                                                      Test loss                                                       Test metric
10000     [2.87e-03, 1.65e-04, 1.22e-01, 2.33e-03, 3.47e-03, 6.21e-03]    [2.86e-03, 1.65e-04, 1.22e-01, 2.33e-03, 3.47e-03, 6.21e-03]    []  
10100     [8.89e-03, 3.75e-05, 2.06e-01, 1.10e-03, 4.66e-04, 2.07e-02]    [8.88e-03, 3.75e-05, 2.06e-01, 1.10e-03, 4.66e-04, 2.07e-02]    []  

Best model at step 10000:
  train loss: 1.37e-01
  test loss: 1.37e-01
  test metric: []

'train' took 4.192729 s

Compiling model...
'compile' took 0.033075 s

Training model...

Warning: Rectangle boundary_normal called on vertices. You may use PDE(..., exclusions=...) to exclude the vertices.
Warning: Rectangle boundary_normal called on vertices. You may use PDE(..., exclusions=...) to exclude the vertices.
Step      Train loss                                                      Test loss                                                       Test metric
10100     [8.89e-04, 3.75e-05, 2.06e-01, 1.10e-03, 4.66e-04, 2.07e-03]    [8.88e-04, 3.75e-05, 2.06e-01, 1.10e-03, 4.66e-04, 2.07e-03]    []  
12924     [3.37e-04, 7.54e-04, 1.21e-03, 5.38e-06, 1.76e-06, 8.23e-04]    [3.37e-04, 7.54e-04, 1.21e-03, 5.38e-06, 1.76e-06, 8.23e-04]    []  

Best model at step 12924:
  train loss: 3.13e-03
  test loss: 3.13e-03
  test metric: []

'train' took 514.501098 s

Mean residual: 7.898e-03
Adding new point: [0.8368574  0.93878853 0.00448759] 

Compiling model...
'compile' took 0.022509 s

Training model...

Warning: Rectangle boundary_normal called on vertices. You may use PDE(..., exclusions=...) to exclude the vertices.
Warning: Rectangle boundary_normal called on vertices. You may use PDE(..., exclusions=...) to exclude the vertices.
Step      Train loss                                                      Test loss                                                       Test metric
12924     [3.55e-03, 7.54e-04, 1.21e-03, 5.38e-06, 1.76e-06, 8.23e-03]    [3.37e-03, 7.54e-04, 1.21e-03, 5.38e-06, 1.76e-06, 8.23e-03]    []  
13000     [1.77e-01, 4.91e-06, 4.35e-01, 7.36e-06, 4.86e-06, 1.34e+00]    [1.77e-01, 4.91e-06, 4.35e-01, 7.36e-06, 4.86e-06, 1.34e+00]    []  
13024     [1.04e-01, 4.79e-06, 5.73e-01, 8.27e-06, 5.71e-06, 7.28e-01]    [1.04e-01, 4.79e-06, 5.73e-01, 8.27e-06, 5.71e-06, 7.28e-01]    []  

Best model at step 12924:
  train loss: 1.38e-02
  test loss: 1.36e-02
  test metric: []

'train' took 3.974451 s

Compiling model...
'compile' took 0.034658 s

Training model...

Warning: Rectangle boundary_normal called on vertices. You may use PDE(..., exclusions=...) to exclude the vertices.
Warning: Rectangle boundary_normal called on vertices. You may use PDE(..., exclusions=...) to exclude the vertices.
Step      Train loss                                                      Test loss                                                       Test metric
13024     [1.04e-02, 4.79e-06, 5.73e-01, 8.27e-06, 5.71e-06, 7.28e-02]    [1.04e-02, 4.79e-06, 5.73e-01, 8.27e-06, 5.71e-06, 7.28e-02]    []  
18157     [1.80e-04, 8.51e-04, 1.08e-03, 7.64e-06, 6.99e-07, 8.29e-04]    [1.77e-04, 8.51e-04, 1.08e-03, 7.64e-06, 6.99e-07, 8.29e-04]    []  

Best model at step 18157:
  train loss: 2.95e-03
  test loss: 2.95e-03
  test metric: []

'train' took 941.666573 s

Saving loss history to /bsuhome/aidanscudder/PINNResearch/problems/loss.dat ...
Saving training data to /bsuhome/aidanscudder/PINNResearch/problems/train.dat ...
Saving test data to /bsuhome/aidanscudder/PINNResearch/problems/test.dat ...
