Enable just-in-time compilation with XLA.

Compiling model...
'compile' took 0.003574 s

Training model...

Warning: Rectangle boundary_normal called on vertices. You may use PDE(..., exclusions=...) to exclude the vertices.
Warning: Rectangle boundary_normal called on vertices. You may use PDE(..., exclusions=...) to exclude the vertices.
Warning: Rectangle boundary_normal called on vertices. You may use PDE(..., exclusions=...) to exclude the vertices.
Step      Train loss                                                      Test loss                                                       Test metric
0         [8.35e-01, 2.16e-01, 6.66e-01, 3.78e-02, 4.24e-02, 3.08e-01]    [8.35e-01, 2.16e-01, 6.66e-01, 3.78e-02, 4.24e-02, 3.08e-01]    []  
1000      [1.13e-02, 4.34e-04, 7.22e-02, 3.85e-02, 1.94e-02, 4.87e-02]    [1.13e-02, 4.34e-04, 7.22e-02, 3.85e-02, 1.94e-02, 4.87e-02]    []  
2000      [7.90e-03, 2.37e-05, 2.19e-02, 1.72e-03, 5.98e-04, 1.20e-02]    [7.90e-03, 2.37e-05, 2.19e-02, 1.72e-03, 5.98e-04, 1.20e-02]    []  
3000      [9.55e-03, 1.09e-05, 1.54e-02, 6.93e-04, 1.33e-04, 7.06e-03]    [9.55e-03, 1.09e-05, 1.54e-02, 6.93e-04, 1.33e-04, 7.06e-03]    []  
4000      [5.03e-03, 4.94e-05, 8.96e-03, 9.35e-04, 5.42e-05, 1.20e-02]    [5.03e-03, 4.94e-05, 8.96e-03, 9.35e-04, 5.42e-05, 1.20e-02]    []  
5000      [1.12e-03, 2.91e-06, 7.81e-03, 3.85e-04, 1.63e-05, 4.16e-03]    [1.12e-03, 2.91e-06, 7.81e-03, 3.85e-04, 1.63e-05, 4.16e-03]    []  
6000      [5.40e-03, 7.65e-06, 9.39e-03, 5.92e-04, 4.21e-05, 3.56e-03]    [5.40e-03, 7.65e-06, 9.39e-03, 5.92e-04, 4.21e-05, 3.56e-03]    []  
7000      [4.47e-03, 4.11e-06, 5.07e-03, 2.86e-04, 1.37e-05, 3.95e-03]    [4.47e-03, 4.11e-06, 5.07e-03, 2.86e-04, 1.37e-05, 3.95e-03]    []  
8000      [5.01e-03, 3.09e-06, 5.07e-03, 2.61e-04, 1.86e-05, 2.52e-03]    [5.01e-03, 3.09e-06, 5.07e-03, 2.61e-04, 1.86e-05, 2.52e-03]    []  
9000      [2.97e-03, 1.23e-06, 3.93e-03, 3.23e-04, 2.46e-05, 2.57e-03]    [2.97e-03, 1.23e-06, 3.93e-03, 3.23e-04, 2.46e-05, 2.57e-03]    []  
10000     [4.06e-03, 6.81e-05, 2.50e-02, 5.43e-04, 2.36e-04, 2.21e-02]    [4.06e-03, 6.81e-05, 2.50e-02, 5.43e-04, 2.36e-04, 2.21e-02]    []  

Best model at step 9000:
  train loss: 9.81e-03
  test loss: 9.81e-03
  test metric: []

'train' took 29.595246 s

Mean residual: 9.676e-03
Adding new point: [0.9940577  0.04361739 0.02672953] 

Compiling model...
'compile' took 0.046096 s

Training model...

Warning: Rectangle boundary_normal called on vertices. You may use PDE(..., exclusions=...) to exclude the vertices.
Warning: Rectangle boundary_normal called on vertices. You may use PDE(..., exclusions=...) to exclude the vertices.
Step      Train loss                                                      Test loss                                                       Test metric
10000     [4.11e-03, 6.81e-05, 2.50e-02, 5.43e-04, 2.36e-04, 2.21e-02]    [4.06e-03, 6.81e-05, 2.50e-02, 5.43e-04, 2.36e-04, 2.21e-02]    []  
10100     [3.53e-03, 3.06e-05, 2.12e-02, 5.97e-04, 3.52e-04, 1.09e-02]    [3.53e-03, 3.06e-05, 2.12e-02, 5.97e-04, 3.52e-04, 1.09e-02]    []  

Best model at step 10100:
  train loss: 3.66e-02
  test loss: 3.66e-02
  test metric: []

'train' took 4.018505 s

Compiling model...
'compile' took 0.041881 s

Training model...

Warning: Rectangle boundary_normal called on vertices. You may use PDE(..., exclusions=...) to exclude the vertices.
Warning: Rectangle boundary_normal called on vertices. You may use PDE(..., exclusions=...) to exclude the vertices.
Step      Train loss                                                      Test loss                                                       Test metric
10100     [3.53e-04, 3.06e-05, 2.12e-02, 5.97e-04, 3.52e-04, 1.09e-03]    [3.53e-04, 3.06e-05, 2.12e-02, 5.97e-04, 3.52e-04, 1.09e-03]    []  
10889     [6.34e-05, 1.47e-06, 2.83e-05, 1.48e-05, 7.71e-06, 2.54e-05]    [6.34e-05, 1.47e-06, 2.83e-05, 1.48e-05, 7.71e-06, 2.54e-05]    []  

Best model at step 10889:
  train loss: 1.41e-04
  test loss: 1.41e-04
  test metric: []

'train' took 150.230222 s

Saving loss history to /bsuhome/aidanscudder/PINNResearch/problems/loss.dat ...
Saving training data to /bsuhome/aidanscudder/PINNResearch/problems/train.dat ...
Saving test data to /bsuhome/aidanscudder/PINNResearch/problems/test.dat ...
Enable just-in-time compilation with XLA.

Compiling model...
'compile' took 0.003251 s

Training model...

Warning: Rectangle boundary_normal called on vertices. You may use PDE(..., exclusions=...) to exclude the vertices.
Warning: Rectangle boundary_normal called on vertices. You may use PDE(..., exclusions=...) to exclude the vertices.
Warning: Rectangle boundary_normal called on vertices. You may use PDE(..., exclusions=...) to exclude the vertices.
Step      Train loss                                                      Test loss                                                       Test metric
0         [3.14e+02, 7.95e-02, 5.59e-01, 9.59e-02, 1.09e-01, 1.71e-01]    [3.14e+02, 7.95e-02, 5.59e-01, 9.59e-02, 1.09e-01, 1.71e-01]    []  
1000      [3.32e-02, 4.05e-03, 2.25e-01, 3.89e-03, 1.15e-05, 2.00e-02]    [3.32e-02, 4.05e-03, 2.25e-01, 3.89e-03, 1.15e-05, 2.00e-02]    []  
2000      [7.95e-03, 3.80e-03, 1.63e-01, 2.34e-03, 2.62e-04, 8.51e-03]    [7.95e-03, 3.80e-03, 1.63e-01, 2.34e-03, 2.62e-04, 8.51e-03]    []  
3000      [5.74e-03, 2.69e-03, 1.27e-01, 8.44e-04, 1.04e-04, 6.11e-03]    [5.74e-03, 2.69e-03, 1.27e-01, 8.44e-04, 1.04e-04, 6.11e-03]    []  
4000      [5.60e-03, 1.25e-03, 7.25e-02, 3.49e-04, 4.92e-05, 3.47e-03]    [5.60e-03, 1.25e-03, 7.25e-02, 3.49e-04, 4.92e-05, 3.47e-03]    []  
5000      [5.31e-03, 6.05e-04, 4.63e-02, 2.83e-04, 1.06e-04, 2.02e-03]    [5.31e-03, 6.05e-04, 4.63e-02, 2.83e-04, 1.06e-04, 2.02e-03]    []  
6000      [3.77e-03, 2.58e-04, 3.33e-02, 2.17e-04, 1.35e-04, 1.24e-03]    [3.77e-03, 2.58e-04, 3.33e-02, 2.17e-04, 1.35e-04, 1.24e-03]    []  
7000      [5.18e-03, 2.54e-04, 3.13e-02, 7.79e-05, 1.26e-04, 8.19e-04]    [5.18e-03, 2.54e-04, 3.13e-02, 7.79e-05, 1.26e-04, 8.19e-04]    []  
8000      [2.70e-03, 1.67e-04, 2.45e-02, 7.54e-05, 7.72e-05, 5.97e-04]    [2.70e-03, 1.67e-04, 2.45e-02, 7.54e-05, 7.72e-05, 5.97e-04]    []  
9000      [2.83e-03, 1.61e-04, 1.87e-02, 3.99e-05, 8.01e-05, 5.30e-04]    [2.83e-03, 1.61e-04, 1.87e-02, 3.99e-05, 8.01e-05, 5.30e-04]    []  
10000     [3.17e-03, 1.29e-04, 1.90e-02, 3.30e-05, 4.47e-05, 5.82e-04]    [3.17e-03, 1.29e-04, 1.90e-02, 3.30e-05, 4.47e-05, 5.82e-04]    []  

Best model at step 9000:
  train loss: 2.24e-02
  test loss: 2.24e-02
  test metric: []

'train' took 32.575911 s

Mean residual: 8.632e-03
Adding new point: [0.00708441 0.09139422 0.03985322] 

Compiling model...
'compile' took 0.039386 s

Training model...

Warning: Rectangle boundary_normal called on vertices. You may use PDE(..., exclusions=...) to exclude the vertices.
Warning: Rectangle boundary_normal called on vertices. You may use PDE(..., exclusions=...) to exclude the vertices.
Step      Train loss                                                      Test loss                                                       Test metric
10000     [3.21e-03, 1.29e-04, 1.90e-02, 3.30e-05, 4.47e-05, 5.82e-04]    [3.17e-03, 1.29e-04, 1.90e-02, 3.30e-05, 4.47e-05, 5.82e-04]    []  
10100     [2.09e-02, 2.71e-05, 3.64e-02, 1.31e-04, 5.54e-04, 2.42e-03]    [2.08e-02, 2.71e-05, 3.64e-02, 1.31e-04, 5.54e-04, 2.42e-03]    []  

Best model at step 10000:
  train loss: 2.30e-02
  test loss: 2.29e-02
  test metric: []

'train' took 4.158082 s

Compiling model...
'compile' took 0.031311 s

Training model...

Warning: Rectangle boundary_normal called on vertices. You may use PDE(..., exclusions=...) to exclude the vertices.
Warning: Rectangle boundary_normal called on vertices. You may use PDE(..., exclusions=...) to exclude the vertices.
Step      Train loss                                                      Test loss                                                       Test metric
10100     [2.09e-03, 2.71e-05, 3.64e-02, 1.31e-04, 5.54e-04, 2.42e-04]    [2.08e-03, 2.71e-05, 3.64e-02, 1.31e-04, 5.54e-04, 2.42e-04]    []  
12069     [9.61e-05, 1.84e-04, 1.37e-04, 4.04e-06, 7.41e-06, 3.12e-04]    [9.61e-05, 1.84e-04, 1.37e-04, 4.04e-06, 7.41e-06, 3.12e-04]    []  

Best model at step 12069:
  train loss: 7.41e-04
  test loss: 7.41e-04
  test metric: []

'train' took 365.294149 s

Saving loss history to /bsuhome/aidanscudder/PINNResearch/problems/loss.dat ...
Saving training data to /bsuhome/aidanscudder/PINNResearch/problems/train.dat ...
Saving test data to /bsuhome/aidanscudder/PINNResearch/problems/test.dat ...
